<?xml version="1.0" encoding="UTF-8"?>
<!-- Generated by org.testng.reporters.JUnitXMLReporter -->
<testsuite ignored="0" hostname="LAPTOP-ADJAOJNQ" failures="0" tests="3" name="AlertsTests" time="12.737" errors="0" timestamp="2022-03-17T10:26:58 CET">
  <testcase classname="com.herokuapp.theinternet.alertstests.AlertsTests" name="jsAlertTest" time="1.862"/>
  <testcase classname="com.herokuapp.theinternet.alertstests.AlertsTests" name="jsDismissTest" time="1.776"/>
  <testcase classname="com.herokuapp.theinternet.alertstests.AlertsTests" name="jsPromptTest" time="3.667"/>
</testsuite> <!-- AlertsTests -->
