<?xml version="1.0" encoding="UTF-8"?>
<!-- Generated by org.testng.reporters.JUnitXMLReporter -->
<testsuite ignored="0" hostname="LAPTOP-ADJAOJNQ" failures="0" tests="3" name="UploadTests" time="14.393" errors="0" timestamp="2022-03-17T10:27:13 CET">
  <testcase classname="com.herokuapp.theinternet.uploadtests.UploadTests" name="fileUploadTest" time="1.948"/>
  <testcase classname="com.herokuapp.theinternet.uploadtests.UploadTests" name="fileUploadTest" time="3.134"/>
  <testcase classname="com.herokuapp.theinternet.uploadtests.UploadTests" name="fileUploadTest" time="3.81"/>
</testsuite> <!-- UploadTests -->
