<?xml version="1.0" encoding="UTF-8"?>
<testng-results ignored="0" total="7" passed="7" failed="0" skipped="0">
  <reporter-output>
  </reporter-output>
  <suite started-at="2022-03-17T10:26:39 CET" name="SmokeTestSuite" finished-at="2022-03-17T10:27:13 CET" duration-ms="33505">
    <groups>
    </groups>
    <test started-at="2022-03-17T10:26:39 CET" name="PositiveLogInTest" finished-at="2022-03-17T10:26:46 CET" duration-ms="6324">
      <class name="com.herokuapp.theinternet.loginpagetests.PositiveLogInTests">
        <test-method is-config="true" signature="setUp(java.lang.reflect.Method,java.lang.String,org.testng.ITestContext)[pri:0, instance:com.herokuapp.theinternet.loginpagetests.PositiveLogInTests@11dc3715]" started-at="2022-03-17T10:26:40 CET" name="setUp" finished-at="2022-03-17T10:26:42 CET" duration-ms="2506" status="PASS">
          <params>
            <param index="0">
              <value>
                <![CDATA[public void com.herokuapp.theinternet.loginpagetests.PositiveLogInTests.logInTest()]]>
              </value>
            </param>
            <param index="1">
              <value>
                <![CDATA[chrome]]>
              </value>
            </param>
            <param index="2">
              <value>
                <![CDATA[org.testng.TestRunner@2a235b8e]]>
              </value>
            </param>
          </params>
          <reporter-output>
          </reporter-output>
        </test-method> <!-- setUp -->
        <test-method signature="logInTest()[pri:0, instance:com.herokuapp.theinternet.loginpagetests.PositiveLogInTests@11dc3715]" started-at="2022-03-17T10:26:42 CET" name="logInTest" finished-at="2022-03-17T10:26:45 CET" duration-ms="2978" status="PASS">
          <reporter-output>
          </reporter-output>
        </test-method> <!-- logInTest -->
        <test-method is-config="true" signature="tearDown()[pri:0, instance:com.herokuapp.theinternet.loginpagetests.PositiveLogInTests@11dc3715]" started-at="2022-03-17T10:26:45 CET" name="tearDown" finished-at="2022-03-17T10:26:46 CET" duration-ms="317" status="PASS">
          <reporter-output>
          </reporter-output>
        </test-method> <!-- tearDown -->
      </class> <!-- com.herokuapp.theinternet.loginpagetests.PositiveLogInTests -->
    </test> <!-- PositiveLogInTest -->
    <test started-at="2022-03-17T10:26:46 CET" name="AlertsTests" finished-at="2022-03-17T10:26:58 CET" duration-ms="12737">
      <class name="com.herokuapp.theinternet.alertstests.AlertsTests">
        <test-method is-config="true" signature="setUp(java.lang.reflect.Method,java.lang.String,org.testng.ITestContext)[pri:0, instance:com.herokuapp.theinternet.alertstests.AlertsTests@2f112965]" started-at="2022-03-17T10:26:46 CET" name="setUp" finished-at="2022-03-17T10:26:47 CET" duration-ms="1572" status="PASS">
          <params>
            <param index="0">
              <value>
                <![CDATA[public void com.herokuapp.theinternet.alertstests.AlertsTests.jsAlertTest()]]>
              </value>
            </param>
            <param index="1">
              <value>
                <![CDATA[chrome]]>
              </value>
            </param>
            <param index="2">
              <value>
                <![CDATA[org.testng.TestRunner@76536c53]]>
              </value>
            </param>
          </params>
          <reporter-output>
          </reporter-output>
        </test-method> <!-- setUp -->
        <test-method signature="jsAlertTest()[pri:0, instance:com.herokuapp.theinternet.alertstests.AlertsTests@2f112965]" started-at="2022-03-17T10:26:47 CET" name="jsAlertTest" finished-at="2022-03-17T10:26:49 CET" duration-ms="1862" status="PASS">
          <reporter-output>
          </reporter-output>
        </test-method> <!-- jsAlertTest -->
        <test-method is-config="true" signature="tearDown()[pri:0, instance:com.herokuapp.theinternet.alertstests.AlertsTests@2f112965]" started-at="2022-03-17T10:26:49 CET" name="tearDown" finished-at="2022-03-17T10:26:49 CET" duration-ms="303" status="PASS">
          <reporter-output>
          </reporter-output>
        </test-method> <!-- tearDown -->
        <test-method is-config="true" signature="setUp(java.lang.reflect.Method,java.lang.String,org.testng.ITestContext)[pri:0, instance:com.herokuapp.theinternet.alertstests.AlertsTests@2f112965]" started-at="2022-03-17T10:26:49 CET" name="setUp" finished-at="2022-03-17T10:26:51 CET" duration-ms="1290" status="PASS">
          <params>
            <param index="0">
              <value>
                <![CDATA[public void com.herokuapp.theinternet.alertstests.AlertsTests.jsDismissTest()]]>
              </value>
            </param>
            <param index="1">
              <value>
                <![CDATA[chrome]]>
              </value>
            </param>
            <param index="2">
              <value>
                <![CDATA[org.testng.TestRunner@76536c53]]>
              </value>
            </param>
          </params>
          <reporter-output>
          </reporter-output>
        </test-method> <!-- setUp -->
        <test-method signature="jsDismissTest()[pri:0, instance:com.herokuapp.theinternet.alertstests.AlertsTests@2f112965]" started-at="2022-03-17T10:26:51 CET" name="jsDismissTest" finished-at="2022-03-17T10:26:53 CET" duration-ms="1776" status="PASS">
          <reporter-output>
          </reporter-output>
        </test-method> <!-- jsDismissTest -->
        <test-method is-config="true" signature="tearDown()[pri:0, instance:com.herokuapp.theinternet.alertstests.AlertsTests@2f112965]" started-at="2022-03-17T10:26:53 CET" name="tearDown" finished-at="2022-03-17T10:26:53 CET" duration-ms="371" status="PASS">
          <reporter-output>
          </reporter-output>
        </test-method> <!-- tearDown -->
        <test-method is-config="true" signature="setUp(java.lang.reflect.Method,java.lang.String,org.testng.ITestContext)[pri:0, instance:com.herokuapp.theinternet.alertstests.AlertsTests@2f112965]" started-at="2022-03-17T10:26:53 CET" name="setUp" finished-at="2022-03-17T10:26:54 CET" duration-ms="1606" status="PASS">
          <params>
            <param index="0">
              <value>
                <![CDATA[public void com.herokuapp.theinternet.alertstests.AlertsTests.jsPromptTest()]]>
              </value>
            </param>
            <param index="1">
              <value>
                <![CDATA[chrome]]>
              </value>
            </param>
            <param index="2">
              <value>
                <![CDATA[org.testng.TestRunner@76536c53]]>
              </value>
            </param>
          </params>
          <reporter-output>
          </reporter-output>
        </test-method> <!-- setUp -->
        <test-method signature="jsPromptTest()[pri:0, instance:com.herokuapp.theinternet.alertstests.AlertsTests@2f112965]" started-at="2022-03-17T10:26:54 CET" name="jsPromptTest" finished-at="2022-03-17T10:26:58 CET" duration-ms="3667" status="PASS">
          <reporter-output>
          </reporter-output>
        </test-method> <!-- jsPromptTest -->
        <test-method is-config="true" signature="tearDown()[pri:0, instance:com.herokuapp.theinternet.alertstests.AlertsTests@2f112965]" started-at="2022-03-17T10:26:58 CET" name="tearDown" finished-at="2022-03-17T10:26:58 CET" duration-ms="280" status="PASS">
          <reporter-output>
          </reporter-output>
        </test-method> <!-- tearDown -->
      </class> <!-- com.herokuapp.theinternet.alertstests.AlertsTests -->
    </test> <!-- AlertsTests -->
    <test started-at="2022-03-17T10:26:58 CET" name="UploadTests" finished-at="2022-03-17T10:27:13 CET" duration-ms="14393">
      <class name="com.herokuapp.theinternet.uploadtests.UploadTests">
        <test-method is-config="true" signature="setUp(java.lang.reflect.Method,java.lang.String,org.testng.ITestContext)[pri:0, instance:com.herokuapp.theinternet.uploadtests.UploadTests@647fd8ce]" started-at="2022-03-17T10:26:58 CET" name="setUp" finished-at="2022-03-17T10:27:00 CET" duration-ms="1623" status="PASS">
          <params>
            <param index="0">
              <value>
                <![CDATA[public void com.herokuapp.theinternet.uploadtests.UploadTests.fileUploadTest(int,java.lang.String)]]>
              </value>
            </param>
            <param index="1">
              <value>
                <![CDATA[chrome]]>
              </value>
            </param>
            <param index="2">
              <value>
                <![CDATA[org.testng.TestRunner@38d08cb5]]>
              </value>
            </param>
          </params>
          <reporter-output>
          </reporter-output>
        </test-method> <!-- setUp -->
        <test-method signature="fileUploadTest(int,java.lang.String)[pri:0, instance:com.herokuapp.theinternet.uploadtests.UploadTests@647fd8ce]" started-at="2022-03-17T10:27:00 CET" name="fileUploadTest" data-provider="files" finished-at="2022-03-17T10:27:02 CET" duration-ms="1948" status="PASS">
          <params>
            <param index="0">
              <value>
                <![CDATA[1]]>
              </value>
            </param>
            <param index="1">
              <value>
                <![CDATA[index.html]]>
              </value>
            </param>
          </params>
          <reporter-output>
          </reporter-output>
        </test-method> <!-- fileUploadTest -->
        <test-method is-config="true" signature="tearDown()[pri:0, instance:com.herokuapp.theinternet.uploadtests.UploadTests@647fd8ce]" started-at="2022-03-17T10:27:02 CET" name="tearDown" finished-at="2022-03-17T10:27:02 CET" duration-ms="364" status="PASS">
          <reporter-output>
          </reporter-output>
        </test-method> <!-- tearDown -->
        <test-method is-config="true" signature="setUp(java.lang.reflect.Method,java.lang.String,org.testng.ITestContext)[pri:0, instance:com.herokuapp.theinternet.uploadtests.UploadTests@647fd8ce]" started-at="2022-03-17T10:27:02 CET" name="setUp" finished-at="2022-03-17T10:27:04 CET" duration-ms="1263" status="PASS">
          <params>
            <param index="0">
              <value>
                <![CDATA[public void com.herokuapp.theinternet.uploadtests.UploadTests.fileUploadTest(int,java.lang.String)]]>
              </value>
            </param>
            <param index="1">
              <value>
                <![CDATA[chrome]]>
              </value>
            </param>
            <param index="2">
              <value>
                <![CDATA[org.testng.TestRunner@38d08cb5]]>
              </value>
            </param>
          </params>
          <reporter-output>
          </reporter-output>
        </test-method> <!-- setUp -->
        <test-method signature="fileUploadTest(int,java.lang.String)[pri:0, instance:com.herokuapp.theinternet.uploadtests.UploadTests@647fd8ce]" started-at="2022-03-17T10:27:04 CET" name="fileUploadTest" data-provider="files" finished-at="2022-03-17T10:27:07 CET" duration-ms="3134" status="PASS">
          <params>
            <param index="0">
              <value>
                <![CDATA[2]]>
              </value>
            </param>
            <param index="1">
              <value>
                <![CDATA[logo.png]]>
              </value>
            </param>
          </params>
          <reporter-output>
          </reporter-output>
        </test-method> <!-- fileUploadTest -->
        <test-method is-config="true" signature="tearDown()[pri:0, instance:com.herokuapp.theinternet.uploadtests.UploadTests@647fd8ce]" started-at="2022-03-17T10:27:07 CET" name="tearDown" finished-at="2022-03-17T10:27:07 CET" duration-ms="314" status="PASS">
          <reporter-output>
          </reporter-output>
        </test-method> <!-- tearDown -->
        <test-method is-config="true" signature="setUp(java.lang.reflect.Method,java.lang.String,org.testng.ITestContext)[pri:0, instance:com.herokuapp.theinternet.uploadtests.UploadTests@647fd8ce]" started-at="2022-03-17T10:27:07 CET" name="setUp" finished-at="2022-03-17T10:27:09 CET" duration-ms="1612" status="PASS">
          <params>
            <param index="0">
              <value>
                <![CDATA[public void com.herokuapp.theinternet.uploadtests.UploadTests.fileUploadTest(int,java.lang.String)]]>
              </value>
            </param>
            <param index="1">
              <value>
                <![CDATA[chrome]]>
              </value>
            </param>
            <param index="2">
              <value>
                <![CDATA[org.testng.TestRunner@38d08cb5]]>
              </value>
            </param>
          </params>
          <reporter-output>
          </reporter-output>
        </test-method> <!-- setUp -->
        <test-method signature="fileUploadTest(int,java.lang.String)[pri:0, instance:com.herokuapp.theinternet.uploadtests.UploadTests@647fd8ce]" started-at="2022-03-17T10:27:09 CET" name="fileUploadTest" data-provider="files" finished-at="2022-03-17T10:27:13 CET" duration-ms="3810" status="PASS">
          <params>
            <param index="0">
              <value>
                <![CDATA[3]]>
              </value>
            </param>
            <param index="1">
              <value>
                <![CDATA[text.txt]]>
              </value>
            </param>
          </params>
          <reporter-output>
          </reporter-output>
        </test-method> <!-- fileUploadTest -->
        <test-method is-config="true" signature="tearDown()[pri:0, instance:com.herokuapp.theinternet.uploadtests.UploadTests@647fd8ce]" started-at="2022-03-17T10:27:13 CET" name="tearDown" finished-at="2022-03-17T10:27:13 CET" duration-ms="314" status="PASS">
          <reporter-output>
          </reporter-output>
        </test-method> <!-- tearDown -->
      </class> <!-- com.herokuapp.theinternet.uploadtests.UploadTests -->
    </test> <!-- UploadTests -->
  </suite> <!-- SmokeTestSuite -->
</testng-results>
